<?xml version="1.0" encoding="UTF-8"?>
<testsuite name="UserRepositoryTest" tests="1" skipped="0" failures="0" errors="0" timestamp="2017-01-09T20:49:50" hostname="DESKTOP-1O9K3SR" time="0.094">
  <properties/>
  <testcase name="getUser" classname="UserRepositoryTest" time="0.094"/>
  <system-out><![CDATA[Hibernate: 
    select
        this_.packet_id as packet_i1_0_3_,
        this_.description as descript2_0_3_,
        this_.destination_city as destinat3_0_3_,
        this_.pack_name as pack_nam4_0_3_,
        this_.receiver_id as receiver7_0_3_,
        this_.sender_id as sender_i8_0_3_,
        this_.sender_city as sender_c5_0_3_,
        this_.tracking as tracking6_0_3_,
        packroute2_.packet_id as packet_i4_1_5_,
        packroute2_.id as id1_1_5_,
        packroute2_.id as id1_1_0_,
        packroute2_.city as city2_1_0_,
        packroute2_.date as date3_1_0_,
        packroute2_.packet_id as packet_i4_1_0_,
        user3_.id as id1_2_1_,
        user3_.password as password2_2_1_,
        user3_.userRole as userRole3_2_1_,
        user3_.username as username4_2_1_,
        user4_.id as id1_2_2_,
        user4_.password as password2_2_2_,
        user4_.userRole as userRole3_2_2_,
        user4_.username as username4_2_2_ 
    from
        packet this_ 
    left outer join
        route packroute2_ 
            on this_.packet_id=packroute2_.packet_id 
    left outer join
        user user3_ 
            on this_.receiver_id=user3_.id 
    left outer join
        user user4_ 
            on this_.sender_id=user4_.id
Auto android
Auto android
]]></system-out>
  <system-err><![CDATA[Jan 09, 2017 10:49:48 PM org.hibernate.Version logVersion
INFO: HHH000412: Hibernate Core {5.2.6.Final}
Jan 09, 2017 10:49:48 PM org.hibernate.cfg.Environment <clinit>
INFO: HHH000206: hibernate.properties not found
Jan 09, 2017 10:49:49 PM org.hibernate.annotations.common.reflection.java.JavaReflectionManager <clinit>
INFO: HCANN000001: Hibernate Commons Annotations {5.0.1.Final}
Jan 09, 2017 10:49:49 PM org.hibernate.engine.jdbc.connections.internal.DriverManagerConnectionProviderImpl configure
WARN: HHH10001002: Using Hibernate built-in connection pool (not for production use!)
Loading class `com.mysql.jdbc.Driver'. This is deprecated. The new driver class is `com.mysql.cj.jdbc.Driver'. The driver is automatically registered via the SPI and manual loading of the driver class is generally unnecessary.
Jan 09, 2017 10:49:49 PM org.hibernate.engine.jdbc.connections.internal.DriverManagerConnectionProviderImpl buildCreator
INFO: HHH10001005: using driver [com.mysql.jdbc.Driver] at URL [jdbc:mysql://localhost:3306/assign4]
Jan 09, 2017 10:49:49 PM org.hibernate.engine.jdbc.connections.internal.DriverManagerConnectionProviderImpl buildCreator
INFO: HHH10001001: Connection properties: {user=root, password=****, autocommit=true}
Jan 09, 2017 10:49:49 PM org.hibernate.engine.jdbc.connections.internal.DriverManagerConnectionProviderImpl buildCreator
INFO: HHH10001003: Autocommit mode: true
Jan 09, 2017 10:49:49 PM org.hibernate.engine.jdbc.connections.internal.PooledConnections <init>
INFO: HHH000115: Hibernate connection pool size: 20 (min=1)
Jan 09, 2017 10:49:49 PM org.hibernate.dialect.Dialect <init>
INFO: HHH000400: Using dialect: org.hibernate.dialect.MySQLDialect
Jan 09, 2017 10:49:50 PM org.hibernate.hql.internal.QueryTranslatorFactoryInitiator initiateService
INFO: HHH000397: Using ASTQueryTranslatorFactory
Jan 09, 2017 10:49:50 PM org.hibernate.internal.SessionImpl createCriteria
WARN: HHH90000022: Hibernate's legacy org.hibernate.Criteria API is deprecated; use the JPA javax.persistence.criteria.CriteriaQuery instead
]]></system-err>
</testsuite>
